2012-10-29 02:32:14 Error: all your base are belong to us
2012-10-29 03:00:37 Error: Fatal Error (4): syntax error, unexpected ')' in [C:\xampp\htdocs\agiles\app\Test\Case\Controller\EnlacesControllerTest.php, line 34]
2012-10-29 03:00:37 Error: [FatalErrorException] syntax error, unexpected ')'
#0 C:\xampp\htdocs\agiles\lib\Cake\Error\ErrorHandler.php(161): ErrorHandler::handleFatalError(4, 'syntax error, u...', 'C:\xampp\htdocs...', 34)
#1 [internal function]: ErrorHandler::handleError(4, 'syntax error, u...', 'C:\xampp\htdocs...', 34, Array)
#2 C:\xampp\htdocs\agiles\lib\Cake\Core\App.php(926): call_user_func('ErrorHandler::h...', 4, 'syntax error, u...', 'C:\xampp\htdocs...', 34, Array)
#3 C:\xampp\htdocs\agiles\lib\Cake\Core\App.php(899): App::_checkFatalError()
#4 [internal function]: App::shutdown()
#5 {main}
2012-10-30 04:39:19 Error: Fatal Error (4): syntax error, unexpected '=>' (T_DOUBLE_ARROW) in [C:\xampp\htdocs\agiles\app\Controller\EnlacesController.php, line 8]
2012-10-30 04:39:19 Error: [FatalErrorException] syntax error, unexpected '=>' (T_DOUBLE_ARROW)
#0 C:\xampp\htdocs\agiles\lib\Cake\Error\ErrorHandler.php(161): ErrorHandler::handleFatalError(4, 'syntax error, u...', 'C:\xampp\htdocs...', 8)
#1 [internal function]: ErrorHandler::handleError(4, 'syntax error, u...', 'C:\xampp\htdocs...', 8, Array)
#2 C:\xampp\htdocs\agiles\lib\Cake\Core\App.php(926): call_user_func('ErrorHandler::h...', 4, 'syntax error, u...', 'C:\xampp\htdocs...', 8, Array)
#3 C:\xampp\htdocs\agiles\lib\Cake\Core\App.php(899): App::_checkFatalError()
#4 [internal function]: App::shutdown()
#5 {main}
2012-10-30 05:47:19 Error: Fatal Error (4): syntax error, unexpected 'Echo' (T_ECHO), expecting ',' or ';' in [C:\xampp\htdocs\agiles\app\View\Enlaces\index.ctp, line 5]
2012-10-30 05:47:19 Error: [FatalErrorException] syntax error, unexpected 'Echo' (T_ECHO), expecting ',' or ';'
#0 C:\xampp\htdocs\agiles\lib\Cake\Error\ErrorHandler.php(161): ErrorHandler::handleFatalError(4, 'syntax error, u...', 'C:\xampp\htdocs...', 5)
#1 [internal function]: ErrorHandler::handleError(4, 'syntax error, u...', 'C:\xampp\htdocs...', 5, Array)
#2 C:\xampp\htdocs\agiles\lib\Cake\Core\App.php(926): call_user_func('ErrorHandler::h...', 4, 'syntax error, u...', 'C:\xampp\htdocs...', 5, Array)
#3 C:\xampp\htdocs\agiles\lib\Cake\Core\App.php(899): App::_checkFatalError()
#4 [internal function]: App::shutdown()
#5 {main}
2012-10-30 05:51:15 Error: Fatal Error (1): Call to undefined function dumpVar() in [C:\xampp\htdocs\agiles\app\Controller\EnlacesController.php, line 9]
2012-10-30 05:51:15 Error: [FatalErrorException] Call to undefined function dumpVar()
#0 C:\xampp\htdocs\agiles\lib\Cake\Error\ErrorHandler.php(161): ErrorHandler::handleFatalError(1, 'Call to undefin...', 'C:\xampp\htdocs...', 9)
#1 [internal function]: ErrorHandler::handleError(1, 'Call to undefin...', 'C:\xampp\htdocs...', 9, Array)
#2 C:\xampp\htdocs\agiles\lib\Cake\Core\App.php(926): call_user_func('ErrorHandler::h...', 1, 'Call to undefin...', 'C:\xampp\htdocs...', 9, Array)
#3 C:\xampp\htdocs\agiles\lib\Cake\Core\App.php(899): App::_checkFatalError()
#4 [internal function]: App::shutdown()
#5 {main}
2012-10-30 06:14:39 Error: [PDOException] SQLSTATE[42S22]: Column not found: 1054 Unknown column 'order' in 'where clause'
#0 C:\xampp\htdocs\agiles\lib\Cake\Model\Datasource\DboSource.php(459): PDOStatement->execute(Array)
#1 C:\xampp\htdocs\agiles\lib\Cake\Model\Datasource\DboSource.php(425): DboSource->_execute('SELECT `Enlace`...', Array)
#2 C:\xampp\htdocs\agiles\lib\Cake\Model\Datasource\DboSource.php(669): DboSource->execute('SELECT `Enlace`...', Array, Array)
#3 C:\xampp\htdocs\agiles\lib\Cake\Model\Datasource\DboSource.php(1080): DboSource->fetchAll('SELECT `Enlace`...', false)
#4 C:\xampp\htdocs\agiles\lib\Cake\Model\Model.php(2630): DboSource->read(Object(Enlace), Array)
#5 C:\xampp\htdocs\agiles\app\Controller\EnlacesController.php(11): Model->find('all', Array)
#6 [internal function]: EnlacesController->index()
#7 C:\xampp\htdocs\agiles\lib\Cake\Controller\Controller.php(485): ReflectionMethod->invokeArgs(Object(EnlacesController), Array)
#8 C:\xampp\htdocs\agiles\lib\Cake\Routing\Dispatcher.php(186): Controller->invokeAction(Object(CakeRequest))
#9 C:\xampp\htdocs\agiles\lib\Cake\Routing\Dispatcher.php(161): Dispatcher->_invoke(Object(EnlacesController), Object(CakeRequest), Object(CakeResponse))
#10 C:\xampp\htdocs\agiles\app\webroot\index.php(92): Dispatcher->dispatch(Object(CakeRequest), Object(CakeResponse))
#11 {main}
2012-10-30 16:40:01 Error: Fatal Error (4): syntax error, unexpected ';' in [C:\xampp\htdocs\agiles\app\Test\Case\Controller\EnlacesControllerTest.php, line 39]
2012-10-30 16:40:01 Error: [FatalErrorException] syntax error, unexpected ';'
#0 C:\xampp\htdocs\agiles\lib\Cake\Error\ErrorHandler.php(161): ErrorHandler::handleFatalError(4, 'syntax error, u...', 'C:\xampp\htdocs...', 39)
#1 [internal function]: ErrorHandler::handleError(4, 'syntax error, u...', 'C:\xampp\htdocs...', 39, Array)
#2 C:\xampp\htdocs\agiles\lib\Cake\Core\App.php(926): call_user_func('ErrorHandler::h...', 4, 'syntax error, u...', 'C:\xampp\htdocs...', 39, Array)
#3 C:\xampp\htdocs\agiles\lib\Cake\Core\App.php(899): App::_checkFatalError()
#4 [internal function]: App::shutdown()
#5 {main}
2012-10-30 16:41:52 Error: Fatal Error (4): syntax error, unexpected ';', expecting ')' in [C:\xampp\htdocs\agiles\app\Test\Case\Controller\EnlacesControllerTest.php, line 65]
2012-10-30 16:41:52 Error: [FatalErrorException] syntax error, unexpected ';', expecting ')'
#0 C:\xampp\htdocs\agiles\lib\Cake\Error\ErrorHandler.php(161): ErrorHandler::handleFatalError(4, 'syntax error, u...', 'C:\xampp\htdocs...', 65)
#1 [internal function]: ErrorHandler::handleError(4, 'syntax error, u...', 'C:\xampp\htdocs...', 65, Array)
#2 C:\xampp\htdocs\agiles\lib\Cake\Core\App.php(926): call_user_func('ErrorHandler::h...', 4, 'syntax error, u...', 'C:\xampp\htdocs...', 65, Array)
#3 C:\xampp\htdocs\agiles\lib\Cake\Core\App.php(899): App::_checkFatalError()
#4 [internal function]: App::shutdown()
#5 {main}
2012-10-30 16:41:54 Error: Fatal Error (4): syntax error, unexpected ';', expecting ')' in [C:\xampp\htdocs\agiles\app\Test\Case\Controller\EnlacesControllerTest.php, line 65]
2012-10-30 16:41:54 Error: [FatalErrorException] syntax error, unexpected ';', expecting ')'
#0 C:\xampp\htdocs\agiles\lib\Cake\Error\ErrorHandler.php(161): ErrorHandler::handleFatalError(4, 'syntax error, u...', 'C:\xampp\htdocs...', 65)
#1 [internal function]: ErrorHandler::handleError(4, 'syntax error, u...', 'C:\xampp\htdocs...', 65, Array)
#2 C:\xampp\htdocs\agiles\lib\Cake\Core\App.php(926): call_user_func('ErrorHandler::h...', 4, 'syntax error, u...', 'C:\xampp\htdocs...', 65, Array)
#3 C:\xampp\htdocs\agiles\lib\Cake\Core\App.php(899): App::_checkFatalError()
#4 [internal function]: App::shutdown()
#5 {main}
2012-10-30 16:41:55 Error: Fatal Error (4): syntax error, unexpected ';', expecting ')' in [C:\xampp\htdocs\agiles\app\Test\Case\Controller\EnlacesControllerTest.php, line 65]
2012-10-30 16:41:55 Error: [FatalErrorException] syntax error, unexpected ';', expecting ')'
#0 C:\xampp\htdocs\agiles\lib\Cake\Error\ErrorHandler.php(161): ErrorHandler::handleFatalError(4, 'syntax error, u...', 'C:\xampp\htdocs...', 65)
#1 [internal function]: ErrorHandler::handleError(4, 'syntax error, u...', 'C:\xampp\htdocs...', 65, Array)
#2 C:\xampp\htdocs\agiles\lib\Cake\Core\App.php(926): call_user_func('ErrorHandler::h...', 4, 'syntax error, u...', 'C:\xampp\htdocs...', 65, Array)
#3 C:\xampp\htdocs\agiles\lib\Cake\Core\App.php(899): App::_checkFatalError()
#4 [internal function]: App::shutdown()
#5 {main}
2012-11-07 18:59:50 Error: [MissingControllerException] Controller class EnlecesController could not be found.
#0 C:\xampp\htdocs\agiles\app\webroot\index.php(92): Dispatcher->dispatch(Object(CakeRequest), Object(CakeResponse))
#1 {main}
